<?xml version="1.0" encoding="UTF-8"?>
<testsuite name="sms.webservice.AppTest" tests="1" skipped="0" failures="0" errors="0" timestamp="2021-07-08T13:43:49" hostname="192.168.1.122" time="0.022">
  <properties/>
  <testcase name="appHasAGreeting()" classname="sms.webservice.AppTest" time="0.022"/>
  <system-out><![CDATA[]]></system-out>
  <system-err><![CDATA[]]></system-err>
</testsuite>
